<?xml version="1.0" encoding="UTF-8"?>
<!-- Generated by org.testng.reporters.JUnitReportReporter -->
<testsuite skipped="0" hostname="Simran-PC" name="testAutomation.TestNGAnnotate" tests="2" failures="0" timestamp="15 Jul 2018 14:24:17 GMT" time="0.013" errors="0">
  <testcase name="addProduct" time="0.008" classname="testAutomation.TestNGAnnotate"/>
  <testcase name="addVendor" time="0.005" classname="testAutomation.TestNGAnnotate"/>
</testsuite> <!-- testAutomation.TestNGAnnotate -->
