<?xml version="1.0" encoding="UTF-8"?>
<!-- Generated by org.testng.reporters.JUnitReportReporter -->
<testsuite skipped="0" hostname="Simran-PC" name="testAutomation.DropDownTest" tests="1" failures="0" timestamp="11 Jul 2018 18:42:21 GMT" time="4.127" errors="0">
  <testcase name="selectDDvalue" time="4.127" classname="testAutomation.DropDownTest"/>
</testsuite> <!-- testAutomation.DropDownTest -->
