<?xml version="1.0" encoding="UTF-8"?>
<!-- Generated by org.testng.reporters.JUnitReportReporter -->
<testsuite skipped="0" hostname="Simran-PC" name="testAutomation.ExplicitWaitTest" tests="1" failures="0" timestamp="17 Jul 2018 18:07:24 GMT" time="6.862" errors="0">
  <testcase name="waitTest" time="6.862" classname="testAutomation.ExplicitWaitTest"/>
</testsuite> <!-- testAutomation.ExplicitWaitTest -->
