<?xml version="1.0" encoding="UTF-8"?>
<!-- Generated by org.testng.reporters.JUnitReportReporter -->
<testsuite skipped="0" hostname="Simran-PC" name="testAutomation.TestNGAnnotate" tests="2" failures="0" timestamp="04 Sep 2018 18:20:50 GMT" time="0.011" errors="0">
  <testcase name="addProduct" time="0.008" classname="testAutomation.TestNGAnnotate"/>
  <testcase name="addVendor" time="0.003" classname="testAutomation.TestNGAnnotate"/>
</testsuite> <!-- testAutomation.TestNGAnnotate -->
